Arguments: 
  /home/githuba/.nvm/versions/node/v16.15.0/bin/node /home/githuba/.node/corepack/yarn/1.22.15/bin/yarn.js add eliptic

PATH: 
  /home/githuba/.nvm/versions/node/v16.15.0/bin:/home/githuba/.vscode-server/bin/784b0177c56c607789f9638da7b6bf3230d47a8c/bin/remote-cli:/usr/local/sbin:/usr/local/bin:/usr/sbin:/usr/bin:/sbin:/bin:/usr/games:/usr/local/games:/usr/lib/wsl/lib:/mnt/c/Program Files/Eclipse Adoptium/jdk-17.0.3.7-hotspot/bin:/mnt/c/Python310/Scripts/:/mnt/c/Python310/:/mnt/c/Program Files (x86)/Intel/Intel(R) Management Engine Components/iCLS/:/mnt/c/Program Files/Intel/Intel(R) Management Engine Components/iCLS/:/mnt/c/WINDOWS/system32:/mnt/c/WINDOWS:/mnt/c/WINDOWS/System32/Wbem:/mnt/c/WINDOWS/System32/WindowsPowerShell/v1.0/:/mnt/c/WINDOWS/System32/OpenSSH/:/mnt/c/Program Files (x86)/Intel/Intel(R) Management Engine Components/DAL:/mnt/c/Program Files/Intel/Intel(R) Management Engine Components/DAL:/mnt/c/Program Files/Git/cmd:/mnt/c/Flutter/flutter/bin:/mnt/c/Users/githu/anaconda3:/mnt/c/Users/githu/anaconda3/Lib:/mnt/c/php-8.1.7:/mnt/c/ProgramData/ComposerSetup/bin:/mnt/c/Program Files/PostgreSQL/14/bin:/mnt/c/Users/githu/AppData/Roaming/nvm:/mnt/c/Program Files/nodejs:/mnt/c/msys64/mingw64/bin:/mnt/c/Users/githu/AppData/Local/Microsoft/WindowsApps:/mnt/c/Users/githu/AppData/Local/Programs/Microsoft VS Code/bin:/mnt/c/Users/githu/AppData/Roaming/npm:/mnt/c/Program Files/JetBrains/IntelliJ IDEA Educational Edition 2022.1.1/bin:/mnt/c/Program Files/JetBrains/IntelliJ IDEA 2022.1.3/bin:/mnt/c/Users/githu/AppData/Roaming/Composer/vendor/bin:/mnt/c/Users/githu/AppData/Roaming/nvm:/mnt/c/Program Files/nodejs:/mnt/c/Users/githu/AppData/Local/GitHubDesktop/bin

Yarn version: 
  1.22.15

Node version: 
  16.15.0

Platform: 
  linux x64

Trace: 
  Error: https://registry.yarnpkg.com/eliptic: Not found
      at Request.params.callback [as _callback] (/home/githuba/.node/corepack/yarn/1.22.15/lib/cli.js:66140:18)
      at Request.self.callback (/home/githuba/.node/corepack/yarn/1.22.15/lib/cli.js:140885:22)
      at Request.emit (node:events:527:28)
      at Request.<anonymous> (/home/githuba/.node/corepack/yarn/1.22.15/lib/cli.js:141857:10)
      at Request.emit (node:events:527:28)
      at IncomingMessage.<anonymous> (/home/githuba/.node/corepack/yarn/1.22.15/lib/cli.js:141779:12)
      at Object.onceWrapper (node:events:641:28)
      at IncomingMessage.emit (node:events:539:35)
      at endReadableNT (node:internal/streams/readable:1345:12)
      at processTicksAndRejections (node:internal/process/task_queues:83:21)

npm manifest: 
  {
    "dependencies": {
      "@types/crypto-js": "^4.1.1",
      "crypto-js": "^4.1.1"
    },
    "type" : "module"
  }

yarn manifest: 
  No manifest

Lockfile: 
  # THIS IS AN AUTOGENERATED FILE. DO NOT EDIT THIS FILE DIRECTLY.
  # yarn lockfile v1
  
  
  "@types/crypto-js@^4.1.1":
    version "4.1.1"
    resolved "https://registry.yarnpkg.com/@types/crypto-js/-/crypto-js-4.1.1.tgz#602859584cecc91894eb23a4892f38cfa927890d"
    integrity sha512-BG7fQKZ689HIoc5h+6D2Dgq1fABRa0RbBWKBd9SP/MVRVXROflpm5fhwyATX5duFmbStzyzyycPB8qUYKDH3NA==
  
  crypto-js@^4.1.1:
    version "4.1.1"
    resolved "https://registry.yarnpkg.com/crypto-js/-/crypto-js-4.1.1.tgz#9e485bcf03521041bd85844786b83fb7619736cf"
    integrity sha512-o2JlM7ydqd3Qk9CA0L4NL6mTzU2sdx96a+oOfPu8Mkl/PK51vSyoi8/rQ8NknZtk44vq15lmhAj9CIAGwgeWKw==
